c:\users\kanumuri\documents\github\vs-code-projects\c++ projects\minecraft\minecraft\x64\debug\vc143.pdb
c:\users\kanumuri\documents\github\vs-code-projects\c++ projects\minecraft\minecraft\x64\debug\vc143.idb
c:\users\kanumuri\documents\github\vs-code-projects\c++ projects\minecraft\minecraft\x64\debug\glad.obj
c:\users\kanumuri\documents\github\vs-code-projects\c++ projects\minecraft\minecraft\x64\debug\shader.obj
c:\users\kanumuri\documents\github\vs-code-projects\c++ projects\minecraft\minecraft\x64\debug\main.obj
c:\users\kanumuri\documents\github\vs-code-projects\c++ projects\minecraft\minecraft\x64\debug\vbo.obj
c:\users\kanumuri\documents\github\vs-code-projects\c++ projects\minecraft\minecraft\x64\debug\vao.obj
c:\users\kanumuri\documents\github\vs-code-projects\c++ projects\minecraft\minecraft\x64\debug\ebo.obj
c:\users\kanumuri\documents\github\vs-code-projects\c++ projects\minecraft\minecraft\x64\debug\texture.obj
c:\users\kanumuri\documents\github\vs-code-projects\c++ projects\minecraft\minecraft\x64\debug\stb.obj
c:\users\kanumuri\documents\github\vs-code-projects\c++ projects\minecraft\minecraft\x64\debug\block.obj
c:\users\kanumuri\documents\github\vs-code-projects\c++ projects\minecraft\minecraft\x64\debug\camera.obj
c:\users\kanumuri\documents\github\vs-code-projects\c++ projects\minecraft\minecraft\x64\debug\models.obj
c:\users\kanumuri\documents\github\vs-code-projects\c++ projects\minecraft\minecraft\x64\debug\chunk.obj
c:\users\kanumuri\documents\github\vs-code-projects\c++ projects\minecraft\x64\debug\minecraft.exe
c:\users\kanumuri\documents\github\vs-code-projects\c++ projects\minecraft\minecraft\x64\debug\minecraft.ilk
c:\users\kanumuri\documents\github\vs-code-projects\c++ projects\minecraft\x64\debug\minecraft.pdb
c:\users\kanumuri\documents\github\vs-code-projects\c++ projects\minecraft\minecraft\x64\debug\minecraft.obj
c:\users\kanumuri\documents\github\vs-code-projects\c++ projects\minecraft\minecraft\x64\debug\texturemanager.obj
c:\users\kanumuri\documents\github\vs-code-projects\c++ projects\minecraft\minecraft\x64\debug\main.obj.enc
c:\users\kanumuri\documents\github\vs-code-projects\c++ projects\minecraft\minecraft\x64\debug\nativecodeanalysis.read.1.tlog
c:\users\kanumuri\documents\github\vs-code-projects\c++ projects\minecraft\minecraft\x64\debug\main.nativecodeanalysis.xml
c:\users\kanumuri\documents\github\vs-code-projects\c++ projects\minecraft\minecraft\x64\debug\vc.nativecodeanalysis.all.xml
c:\users\kanumuri\documents\github\vs-code-projects\c++ projects\minecraft\minecraft\x64\debug\minecraft.tlog\cl.command.1.tlog
c:\users\kanumuri\documents\github\vs-code-projects\c++ projects\minecraft\minecraft\x64\debug\minecraft.tlog\cl.items.tlog
c:\users\kanumuri\documents\github\vs-code-projects\c++ projects\minecraft\minecraft\x64\debug\minecraft.tlog\cl.read.1.tlog
c:\users\kanumuri\documents\github\vs-code-projects\c++ projects\minecraft\minecraft\x64\debug\minecraft.tlog\cl.write.1.tlog
c:\users\kanumuri\documents\github\vs-code-projects\c++ projects\minecraft\minecraft\x64\debug\minecraft.tlog\link.command.1.tlog
c:\users\kanumuri\documents\github\vs-code-projects\c++ projects\minecraft\minecraft\x64\debug\minecraft.tlog\link.read.1.tlog
c:\users\kanumuri\documents\github\vs-code-projects\c++ projects\minecraft\minecraft\x64\debug\minecraft.tlog\link.write.1.tlog
