c:\users\kanumuri\documents\github\vs-code-projects\c++ projects\minecraft\minecraft\x64\release\vc143.pdb
c:\users\kanumuri\documents\github\vs-code-projects\c++ projects\minecraft\minecraft\x64\release\vbo.obj
c:\users\kanumuri\documents\github\vs-code-projects\c++ projects\minecraft\minecraft\x64\release\vao.obj
c:\users\kanumuri\documents\github\vs-code-projects\c++ projects\minecraft\minecraft\x64\release\texture.obj
c:\users\kanumuri\documents\github\vs-code-projects\c++ projects\minecraft\minecraft\x64\release\stb.obj
c:\users\kanumuri\documents\github\vs-code-projects\c++ projects\minecraft\minecraft\x64\release\shader.obj
c:\users\kanumuri\documents\github\vs-code-projects\c++ projects\minecraft\minecraft\x64\release\models.obj
c:\users\kanumuri\documents\github\vs-code-projects\c++ projects\minecraft\minecraft\x64\release\main.obj
c:\users\kanumuri\documents\github\vs-code-projects\c++ projects\minecraft\minecraft\x64\release\ebo.obj
c:\users\kanumuri\documents\github\vs-code-projects\c++ projects\minecraft\minecraft\x64\release\chunk.obj
c:\users\kanumuri\documents\github\vs-code-projects\c++ projects\minecraft\minecraft\x64\release\camera.obj
c:\users\kanumuri\documents\github\vs-code-projects\c++ projects\minecraft\minecraft\x64\release\block.obj
c:\users\kanumuri\documents\github\vs-code-projects\c++ projects\minecraft\minecraft\x64\release\glad.obj
c:\users\kanumuri\documents\github\vs-code-projects\c++ projects\minecraft\x64\release\minecraft.exe
c:\users\kanumuri\documents\github\vs-code-projects\c++ projects\minecraft\minecraft\x64\release\minecraft.ipdb
c:\users\kanumuri\documents\github\vs-code-projects\c++ projects\minecraft\x64\release\minecraft.pdb
c:\users\kanumuri\documents\github\vs-code-projects\c++ projects\minecraft\minecraft\x64\release\minecraft.iobj
c:\users\kanumuri\documents\github\vs-code-projects\c++ projects\minecraft\minecraft\x64\release\minecraft.tlog\cl.command.1.tlog
c:\users\kanumuri\documents\github\vs-code-projects\c++ projects\minecraft\minecraft\x64\release\minecraft.tlog\cl.items.tlog
c:\users\kanumuri\documents\github\vs-code-projects\c++ projects\minecraft\minecraft\x64\release\minecraft.tlog\cl.read.1.tlog
c:\users\kanumuri\documents\github\vs-code-projects\c++ projects\minecraft\minecraft\x64\release\minecraft.tlog\cl.write.1.tlog
c:\users\kanumuri\documents\github\vs-code-projects\c++ projects\minecraft\minecraft\x64\release\minecraft.tlog\link.command.1.tlog
c:\users\kanumuri\documents\github\vs-code-projects\c++ projects\minecraft\minecraft\x64\release\minecraft.tlog\link.read.1.tlog
c:\users\kanumuri\documents\github\vs-code-projects\c++ projects\minecraft\minecraft\x64\release\minecraft.tlog\link.write.1.tlog
